[0.502s] DEBUG:colcon:Command line arguments: ['/usr/bin/colcon', 'build']
[0.502s] DEBUG:colcon:Parsed command line arguments: Namespace(log_base=None, log_level=None, verb_name='build', build_base='build', install_base='install', merge_install=False, symlink_install=False, test_result_base=None, continue_on_error=False, executor='parallel', parallel_workers=16, event_handlers=None, ignore_user_meta=False, metas=['./colcon.meta'], base_paths=['.'], packages_ignore=None, packages_ignore_regex=None, paths=None, packages_up_to=None, packages_up_to_regex=None, packages_above=None, packages_above_and_dependencies=None, packages_above_depth=None, packages_select_by_dep=None, packages_skip_by_dep=None, packages_skip_up_to=None, packages_select_build_failed=False, packages_skip_build_finished=False, packages_select_test_failures=False, packages_skip_test_passed=False, packages_select=None, packages_skip=None, packages_select_regex=None, packages_skip_regex=None, packages_start=None, packages_end=None, allow_overriding=[], cmake_args=None, cmake_target=None, cmake_target_skip_unavailable=False, cmake_clean_cache=False, cmake_clean_first=False, cmake_force_configure=False, ament_cmake_args=None, catkin_cmake_args=None, catkin_skip_building_tests=False, verb_parser=<colcon_defaults.argument_parser.defaults.DefaultArgumentsDecorator object at 0x75fefdb61ea0>, verb_extension=<colcon_core.verb.build.BuildVerb object at 0x75fefdb61960>, main=<bound method BuildVerb.main of <colcon_core.verb.build.BuildVerb object at 0x75fefdb61960>>)
[0.833s] Level 1:colcon.colcon_core.package_discovery:discover_packages(colcon_meta) check parameters
[0.833s] Level 1:colcon.colcon_core.package_discovery:discover_packages(recursive) check parameters
[0.833s] Level 1:colcon.colcon_core.package_discovery:discover_packages(ignore) check parameters
[0.833s] Level 1:colcon.colcon_core.package_discovery:discover_packages(path) check parameters
[0.833s] Level 1:colcon.colcon_core.package_discovery:discover_packages(colcon_meta) discover
[0.833s] Level 1:colcon.colcon_core.package_discovery:discover_packages(recursive) discover
[0.833s] INFO:colcon.colcon_core.package_discovery:Crawling recursively for packages in '/home/yzksy/mirs2502_standard/src/cone_detector'
[0.833s] Level 1:colcon.colcon_core.package_identification:_identify(.) by extensions ['ignore', 'ignore_ament_install']
[0.833s] Level 1:colcon.colcon_core.package_identification:_identify(.) by extension 'ignore'
[0.833s] Level 1:colcon.colcon_core.package_identification:_identify(.) by extension 'ignore_ament_install'
[0.833s] Level 1:colcon.colcon_core.package_identification:_identify(.) by extensions ['colcon_pkg']
[0.833s] Level 1:colcon.colcon_core.package_identification:_identify(.) by extension 'colcon_pkg'
[0.833s] Level 1:colcon.colcon_core.package_identification:_identify(.) by extensions ['colcon_meta']
[0.833s] Level 1:colcon.colcon_core.package_identification:_identify(.) by extension 'colcon_meta'
[0.833s] Level 1:colcon.colcon_core.package_identification:_identify(.) by extensions ['ros']
[0.833s] Level 1:colcon.colcon_core.package_identification:_identify(.) by extension 'ros'
[0.858s] DEBUG:colcon.colcon_core.package_identification:Package '.' with type 'ros.ament_cmake' and name 'cone_detector'
[0.858s] Level 1:colcon.colcon_core.package_discovery:discover_packages(recursive) using defaults
[0.858s] Level 1:colcon.colcon_core.package_discovery:discover_packages(ignore) discover
[0.858s] Level 1:colcon.colcon_core.package_discovery:discover_packages(ignore) using defaults
[0.858s] Level 1:colcon.colcon_core.package_discovery:discover_packages(path) discover
[0.858s] Level 1:colcon.colcon_core.package_discovery:discover_packages(path) using defaults
[0.907s] Level 1:colcon.colcon_core.package_discovery:discover_packages(prefix_path) check parameters
[0.907s] Level 1:colcon.colcon_core.package_discovery:discover_packages(prefix_path) discover
[0.912s] DEBUG:colcon.colcon_installed_package_information.package_discovery:Found 7 installed packages in /home/yzksy/mirs2502_standard/install
[0.912s] DEBUG:colcon.colcon_installed_package_information.package_discovery:Found 1 installed packages in /home/yzksy/install
[0.914s] DEBUG:colcon.colcon_installed_package_information.package_discovery:Found 382 installed packages in /opt/ros/humble
[0.915s] Level 1:colcon.colcon_core.package_discovery:discover_packages(prefix_path) using defaults
[0.960s] Level 5:colcon.colcon_core.verb:set package 'cone_detector' build argument 'cmake_args' from command line to 'None'
[0.960s] Level 5:colcon.colcon_core.verb:set package 'cone_detector' build argument 'cmake_target' from command line to 'None'
[0.960s] Level 5:colcon.colcon_core.verb:set package 'cone_detector' build argument 'cmake_target_skip_unavailable' from command line to 'False'
[0.961s] Level 5:colcon.colcon_core.verb:set package 'cone_detector' build argument 'cmake_clean_cache' from command line to 'False'
[0.961s] Level 5:colcon.colcon_core.verb:set package 'cone_detector' build argument 'cmake_clean_first' from command line to 'False'
[0.961s] Level 5:colcon.colcon_core.verb:set package 'cone_detector' build argument 'cmake_force_configure' from command line to 'False'
[0.961s] Level 5:colcon.colcon_core.verb:set package 'cone_detector' build argument 'ament_cmake_args' from command line to 'None'
[0.961s] Level 5:colcon.colcon_core.verb:set package 'cone_detector' build argument 'catkin_cmake_args' from command line to 'None'
[0.961s] Level 5:colcon.colcon_core.verb:set package 'cone_detector' build argument 'catkin_skip_building_tests' from command line to 'False'
[0.961s] DEBUG:colcon.colcon_core.verb:Building package 'cone_detector' with the following arguments: {'ament_cmake_args': None, 'build_base': '/home/yzksy/mirs2502_standard/src/cone_detector/build/cone_detector', 'catkin_cmake_args': None, 'catkin_skip_building_tests': False, 'cmake_args': None, 'cmake_clean_cache': False, 'cmake_clean_first': False, 'cmake_force_configure': False, 'cmake_target': None, 'cmake_target_skip_unavailable': False, 'install_base': '/home/yzksy/mirs2502_standard/src/cone_detector/install/cone_detector', 'merge_install': False, 'path': '/home/yzksy/mirs2502_standard/src/cone_detector', 'symlink_install': False, 'test_result_base': None}
[0.961s] INFO:colcon.colcon_core.executor:Executing jobs using 'parallel' executor
[0.962s] DEBUG:colcon.colcon_parallel_executor.executor.parallel:run_until_complete
[0.962s] INFO:colcon.colcon_ros.task.ament_cmake.build:Building ROS package in '/home/yzksy/mirs2502_standard/src/cone_detector' with build type 'ament_cmake'
[0.962s] INFO:colcon.colcon_cmake.task.cmake.build:Building CMake package in '/home/yzksy/mirs2502_standard/src/cone_detector'
[0.968s] INFO:colcon.colcon_core.plugin_system:Skipping extension 'colcon_core.shell.bat': Not used on non-Windows systems
[0.968s] INFO:colcon.colcon_core.shell:Skip shell extension 'powershell' for command environment: Not usable outside of PowerShell
[0.969s] DEBUG:colcon.colcon_core.shell:Skip shell extension 'dsv' for command environment
[0.975s] DEBUG:colcon.colcon_core.event_handler.log_command:Invoking command in '/home/yzksy/mirs2502_standard/src/cone_detector/build/cone_detector': CMAKE_PREFIX_PATH=${CMAKE_PREFIX_PATH}:/home/yzksy/mirs2502_standard/install/coverage_planner:/opt/ros/humble /usr/bin/cmake /home/yzksy/mirs2502_standard/src/cone_detector -DCMAKE_INSTALL_PREFIX=/home/yzksy/mirs2502_standard/src/cone_detector/install/cone_detector
[4.214s] DEBUG:colcon.colcon_core.event_handler.log_command:Invoked command in '/home/yzksy/mirs2502_standard/src/cone_detector/build/cone_detector' returned '0': CMAKE_PREFIX_PATH=${CMAKE_PREFIX_PATH}:/home/yzksy/mirs2502_standard/install/coverage_planner:/opt/ros/humble /usr/bin/cmake /home/yzksy/mirs2502_standard/src/cone_detector -DCMAKE_INSTALL_PREFIX=/home/yzksy/mirs2502_standard/src/cone_detector/install/cone_detector
[4.216s] DEBUG:colcon.colcon_core.event_handler.log_command:Invoking command in '/home/yzksy/mirs2502_standard/src/cone_detector/build/cone_detector': CMAKE_PREFIX_PATH=${CMAKE_PREFIX_PATH}:/home/yzksy/mirs2502_standard/install/coverage_planner:/opt/ros/humble /usr/bin/cmake --build /home/yzksy/mirs2502_standard/src/cone_detector/build/cone_detector -- -j16 -l16
[18.604s] DEBUG:colcon.colcon_core.event_handler.log_command:Invoked command in '/home/yzksy/mirs2502_standard/src/cone_detector/build/cone_detector' returned '0': CMAKE_PREFIX_PATH=${CMAKE_PREFIX_PATH}:/home/yzksy/mirs2502_standard/install/coverage_planner:/opt/ros/humble /usr/bin/cmake --build /home/yzksy/mirs2502_standard/src/cone_detector/build/cone_detector -- -j16 -l16
[18.614s] DEBUG:colcon.colcon_core.event_handler.log_command:Invoking command in '/home/yzksy/mirs2502_standard/src/cone_detector/build/cone_detector': CMAKE_PREFIX_PATH=${CMAKE_PREFIX_PATH}:/home/yzksy/mirs2502_standard/install/coverage_planner:/opt/ros/humble /usr/bin/cmake --install /home/yzksy/mirs2502_standard/src/cone_detector/build/cone_detector
[18.647s] Level 1:colcon.colcon_core.environment:create_environment_scripts_only(cone_detector)
[18.647s] DEBUG:colcon.colcon_core.event_handler.log_command:Invoked command in '/home/yzksy/mirs2502_standard/src/cone_detector/build/cone_detector' returned '0': CMAKE_PREFIX_PATH=${CMAKE_PREFIX_PATH}:/home/yzksy/mirs2502_standard/install/coverage_planner:/opt/ros/humble /usr/bin/cmake --install /home/yzksy/mirs2502_standard/src/cone_detector/build/cone_detector
[18.657s] Level 1:colcon.colcon_core.environment:checking '/home/yzksy/mirs2502_standard/src/cone_detector/install/cone_detector' for CMake module files
[18.657s] Level 1:colcon.colcon_core.environment:checking '/home/yzksy/mirs2502_standard/src/cone_detector/install/cone_detector' for CMake config files
[18.657s] Level 1:colcon.colcon_core.shell:create_environment_hook('cone_detector', 'cmake_prefix_path')
[18.658s] INFO:colcon.colcon_core.shell:Creating environment hook '/home/yzksy/mirs2502_standard/src/cone_detector/install/cone_detector/share/cone_detector/hook/cmake_prefix_path.ps1'
[18.659s] INFO:colcon.colcon_core.shell:Creating environment descriptor '/home/yzksy/mirs2502_standard/src/cone_detector/install/cone_detector/share/cone_detector/hook/cmake_prefix_path.dsv'
[18.659s] INFO:colcon.colcon_core.shell:Creating environment hook '/home/yzksy/mirs2502_standard/src/cone_detector/install/cone_detector/share/cone_detector/hook/cmake_prefix_path.sh'
[18.660s] Level 1:colcon.colcon_core.environment:checking '/home/yzksy/mirs2502_standard/src/cone_detector/install/cone_detector/lib'
[18.660s] Level 1:colcon.colcon_core.environment:checking '/home/yzksy/mirs2502_standard/src/cone_detector/install/cone_detector/bin'
[18.660s] Level 1:colcon.colcon_core.environment:checking '/home/yzksy/mirs2502_standard/src/cone_detector/install/cone_detector/lib/pkgconfig/cone_detector.pc'
[18.660s] Level 1:colcon.colcon_core.environment:checking '/home/yzksy/mirs2502_standard/src/cone_detector/install/cone_detector/lib/python3.10/site-packages'
[18.661s] Level 1:colcon.colcon_core.environment:checking '/home/yzksy/mirs2502_standard/src/cone_detector/install/cone_detector/bin'
[18.661s] INFO:colcon.colcon_core.shell:Creating package script '/home/yzksy/mirs2502_standard/src/cone_detector/install/cone_detector/share/cone_detector/package.ps1'
[18.662s] INFO:colcon.colcon_core.shell:Creating package descriptor '/home/yzksy/mirs2502_standard/src/cone_detector/install/cone_detector/share/cone_detector/package.dsv'
[18.662s] INFO:colcon.colcon_core.shell:Creating package script '/home/yzksy/mirs2502_standard/src/cone_detector/install/cone_detector/share/cone_detector/package.sh'
[18.663s] INFO:colcon.colcon_core.shell:Creating package script '/home/yzksy/mirs2502_standard/src/cone_detector/install/cone_detector/share/cone_detector/package.bash'
[18.664s] INFO:colcon.colcon_core.shell:Creating package script '/home/yzksy/mirs2502_standard/src/cone_detector/install/cone_detector/share/cone_detector/package.zsh'
[18.665s] Level 1:colcon.colcon_core.environment:create_file_with_runtime_dependencies(/home/yzksy/mirs2502_standard/src/cone_detector/install/cone_detector/share/colcon-core/packages/cone_detector)
[18.665s] Level 1:colcon.colcon_core.environment:create_environment_scripts_only(cone_detector)
[18.666s] Level 1:colcon.colcon_core.environment:checking '/home/yzksy/mirs2502_standard/src/cone_detector/install/cone_detector' for CMake module files
[18.666s] Level 1:colcon.colcon_core.environment:checking '/home/yzksy/mirs2502_standard/src/cone_detector/install/cone_detector' for CMake config files
[18.666s] Level 1:colcon.colcon_core.shell:create_environment_hook('cone_detector', 'cmake_prefix_path')
[18.666s] INFO:colcon.colcon_core.shell:Creating environment hook '/home/yzksy/mirs2502_standard/src/cone_detector/install/cone_detector/share/cone_detector/hook/cmake_prefix_path.ps1'
[18.667s] INFO:colcon.colcon_core.shell:Creating environment descriptor '/home/yzksy/mirs2502_standard/src/cone_detector/install/cone_detector/share/cone_detector/hook/cmake_prefix_path.dsv'
[18.667s] INFO:colcon.colcon_core.shell:Creating environment hook '/home/yzksy/mirs2502_standard/src/cone_detector/install/cone_detector/share/cone_detector/hook/cmake_prefix_path.sh'
[18.667s] Level 1:colcon.colcon_core.environment:checking '/home/yzksy/mirs2502_standard/src/cone_detector/install/cone_detector/lib'
[18.667s] Level 1:colcon.colcon_core.environment:checking '/home/yzksy/mirs2502_standard/src/cone_detector/install/cone_detector/bin'
[18.667s] Level 1:colcon.colcon_core.environment:checking '/home/yzksy/mirs2502_standard/src/cone_detector/install/cone_detector/lib/pkgconfig/cone_detector.pc'
[18.667s] Level 1:colcon.colcon_core.environment:checking '/home/yzksy/mirs2502_standard/src/cone_detector/install/cone_detector/lib/python3.10/site-packages'
[18.668s] Level 1:colcon.colcon_core.environment:checking '/home/yzksy/mirs2502_standard/src/cone_detector/install/cone_detector/bin'
[18.668s] INFO:colcon.colcon_core.shell:Creating package script '/home/yzksy/mirs2502_standard/src/cone_detector/install/cone_detector/share/cone_detector/package.ps1'
[18.668s] INFO:colcon.colcon_core.shell:Creating package descriptor '/home/yzksy/mirs2502_standard/src/cone_detector/install/cone_detector/share/cone_detector/package.dsv'
[18.669s] INFO:colcon.colcon_core.shell:Creating package script '/home/yzksy/mirs2502_standard/src/cone_detector/install/cone_detector/share/cone_detector/package.sh'
[18.669s] INFO:colcon.colcon_core.shell:Creating package script '/home/yzksy/mirs2502_standard/src/cone_detector/install/cone_detector/share/cone_detector/package.bash'
[18.669s] INFO:colcon.colcon_core.shell:Creating package script '/home/yzksy/mirs2502_standard/src/cone_detector/install/cone_detector/share/cone_detector/package.zsh'
[18.670s] Level 1:colcon.colcon_core.environment:create_file_with_runtime_dependencies(/home/yzksy/mirs2502_standard/src/cone_detector/install/cone_detector/share/colcon-core/packages/cone_detector)
[18.670s] DEBUG:colcon.colcon_parallel_executor.executor.parallel:closing loop
[18.670s] DEBUG:colcon.colcon_parallel_executor.executor.parallel:loop closed
[18.670s] DEBUG:colcon.colcon_parallel_executor.executor.parallel:run_until_complete finished with '0'
[18.670s] DEBUG:colcon.colcon_core.event_reactor:joining thread
[18.676s] INFO:colcon.colcon_core.plugin_system:Skipping extension 'colcon_notification.desktop_notification.terminal_notifier': Not used on non-Darwin systems
[18.676s] INFO:colcon.colcon_core.plugin_system:Skipping extension 'colcon_notification.desktop_notification.win32': Not used on non-Windows systems
[18.676s] INFO:colcon.colcon_notification.desktop_notification:Sending desktop notification using 'notify2'
[18.690s] DEBUG:colcon.colcon_core.event_reactor:joined thread
[18.690s] INFO:colcon.colcon_core.shell:Creating prefix script '/home/yzksy/mirs2502_standard/src/cone_detector/install/local_setup.ps1'
[18.692s] INFO:colcon.colcon_core.shell:Creating prefix util module '/home/yzksy/mirs2502_standard/src/cone_detector/install/_local_setup_util_ps1.py'
[18.693s] INFO:colcon.colcon_core.shell:Creating prefix chain script '/home/yzksy/mirs2502_standard/src/cone_detector/install/setup.ps1'
[18.694s] INFO:colcon.colcon_core.shell:Creating prefix script '/home/yzksy/mirs2502_standard/src/cone_detector/install/local_setup.sh'
[18.695s] INFO:colcon.colcon_core.shell:Creating prefix util module '/home/yzksy/mirs2502_standard/src/cone_detector/install/_local_setup_util_sh.py'
[18.695s] INFO:colcon.colcon_core.shell:Creating prefix chain script '/home/yzksy/mirs2502_standard/src/cone_detector/install/setup.sh'
[18.697s] INFO:colcon.colcon_core.shell:Creating prefix script '/home/yzksy/mirs2502_standard/src/cone_detector/install/local_setup.bash'
[18.697s] INFO:colcon.colcon_core.shell:Creating prefix chain script '/home/yzksy/mirs2502_standard/src/cone_detector/install/setup.bash'
[18.698s] INFO:colcon.colcon_core.shell:Creating prefix script '/home/yzksy/mirs2502_standard/src/cone_detector/install/local_setup.zsh'
[18.699s] INFO:colcon.colcon_core.shell:Creating prefix chain script '/home/yzksy/mirs2502_standard/src/cone_detector/install/setup.zsh'
