-- The C compiler identification is GNU 11.4.0
-- The CXX compiler identification is GNU 11.4.0
-- Detecting C compiler ABI info
-- Detecting C compiler ABI info - done
-- Check for working C compiler: /usr/bin/cc - skipped
-- Detecting C compile features
-- Detecting C compile features - done
-- Detecting CXX compiler ABI info
-- Detecting CXX compiler ABI info - done
-- Check for working CXX compiler: /usr/bin/c++ - skipped
-- Detecting CXX compile features
-- Detecting CXX compile features - done
-- Found ament_cmake: 1.3.12 (/opt/ros/humble/share/ament_cmake/cmake)
-- Found Python3: /usr/bin/python3 (found version "3.10.12") found components: Interpreter 
-- Found sensor_msgs: 4.9.0 (/opt/ros/humble/share/sensor_msgs/cmake)
-- Found rosidl_generator_c: 3.1.7 (/opt/ros/humble/share/rosidl_generator_c/cmake)
-- Found rosidl_adapter: 3.1.7 (/opt/ros/humble/share/rosidl_adapter/cmake)
-- Found rosidl_generator_cpp: 3.1.7 (/opt/ros/humble/share/rosidl_generator_cpp/cmake)
-- Using all available rosidl_typesupport_c: rosidl_typesupport_fastrtps_c;rosidl_typesupport_introspection_c
-- Using all available rosidl_typesupport_cpp: rosidl_typesupport_fastrtps_cpp;rosidl_typesupport_introspection_cpp
-- Checking for module 'eigen3'
--   Found eigen3, version 3.4.0
-- Found Eigen: /usr/include/eigen3 (Required is at least version "3.1") 
-- Eigen found (include: /usr/include/eigen3, version: 3.4.0)
-- Found Boost: /usr/lib/x86_64-linux-gnu/cmake/Boost-1.74.0/BoostConfig.cmake (found suitable version "1.74.0", minimum required is "1.65.0") found components: system filesystem date_time iostreams serialization 
-- Checking for module 'flann'
--   Found flann, version 1.9.1
-- Found FLANN: /usr/lib/x86_64-linux-gnu/libflann_cpp.so  
-- FLANN found (include: /usr/include, lib: /usr/lib/x86_64-linux-gnu/libflann_cpp.so)
-- Found Qhull version 8.0.2
-- Looking for pthread.h
-- Looking for pthread.h - found
-- Performing Test CMAKE_HAVE_LIBC_PTHREAD
-- Performing Test CMAKE_HAVE_LIBC_PTHREAD - Success
-- Found Threads: TRUE  
-- Found GLEW: /usr/lib/x86_64-linux-gnu/libGLEW.so  
-- Found OpenGL: /usr/lib/x86_64-linux-gnu/libOpenGL.so  found components: OpenGL GLX 
-- Found MPI_C: /usr/lib/x86_64-linux-gnu/libmpi.so (found version "3.1") 
-- Found MPI: TRUE (found version "3.1") found components: C 
-- Found JsonCpp: /usr/lib/x86_64-linux-gnu/libjsoncpp.so (found suitable version "1.9.5", minimum required is "0.7.0") 
-- Found ZLIB: /usr/lib/x86_64-linux-gnu/libz.so (found version "1.2.11") 
-- Found PNG: /usr/lib/x86_64-linux-gnu/libpng.so (found version "1.6.37") 
-- Found Eigen3: /usr/include/eigen3 (found version "3.4.0") 
-- Found X11: /usr/include   
-- Looking for XOpenDisplay in /usr/lib/x86_64-linux-gnu/libX11.so;/usr/lib/x86_64-linux-gnu/libXext.so
-- Looking for XOpenDisplay in /usr/lib/x86_64-linux-gnu/libX11.so;/usr/lib/x86_64-linux-gnu/libXext.so - found
-- Looking for gethostbyname
-- Looking for gethostbyname - found
-- Looking for connect
-- Looking for connect - found
-- Looking for remove
-- Looking for remove - found
-- Looking for shmat
-- Looking for shmat - found
-- Looking for IceConnectionNumber in ICE
-- Looking for IceConnectionNumber in ICE - found
-- Found EXPAT: /usr/lib/x86_64-linux-gnu/libexpat.so (found version "2.4.7") 
-- Found double-conversion: /usr/lib/x86_64-linux-gnu/libdouble-conversion.so  
-- Found LZ4: /usr/lib/x86_64-linux-gnu/liblz4.so (found version "1.9.3") 
-- Found LZMA: /usr/lib/x86_64-linux-gnu/liblzma.so (found version "5.2.5") 
-- Found JPEG: /usr/lib/x86_64-linux-gnu/libjpeg.so (found version "80") 
-- Found TIFF: /usr/lib/x86_64-linux-gnu/libtiff.so (found version "4.3.0")  
-- Found Freetype: /usr/lib/x86_64-linux-gnu/libfreetype.so (found version "2.11.1") 
-- Found utf8cpp: /usr/include/utf8cpp  
-- looking for PCL_COMMON
-- Found PCL_COMMON: /usr/lib/x86_64-linux-gnu/libpcl_common.so  
-- looking for PCL_KDTREE
-- Found PCL_KDTREE: /usr/lib/x86_64-linux-gnu/libpcl_kdtree.so  
-- looking for PCL_OCTREE
-- Found PCL_OCTREE: /usr/lib/x86_64-linux-gnu/libpcl_octree.so  
-- looking for PCL_SEARCH
-- Found PCL_SEARCH: /usr/lib/x86_64-linux-gnu/libpcl_search.so  
-- looking for PCL_SURFACE
-- Found PCL_SURFACE: /usr/lib/x86_64-linux-gnu/libpcl_surface.so  
-- looking for PCL_SAMPLE_CONSENSUS
-- Found PCL_SAMPLE_CONSENSUS: /usr/lib/x86_64-linux-gnu/libpcl_sample_consensus.so  
-- looking for PCL_FILTERS
-- Found PCL_FILTERS: /usr/lib/x86_64-linux-gnu/libpcl_filters.so  
-- looking for PCL_GEOMETRY
-- Found PCL_GEOMETRY: /usr/include/pcl-1.12  
-- looking for PCL_2D
-- Found PCL_2D: /usr/include/pcl-1.12  
-- looking for PCL_FEATURES
-- Found PCL_FEATURES: /usr/lib/x86_64-linux-gnu/libpcl_features.so  
-- looking for PCL_ML
-- Found PCL_ML: /usr/lib/x86_64-linux-gnu/libpcl_ml.so  
-- looking for PCL_SEGMENTATION
-- Found PCL_SEGMENTATION: /usr/lib/x86_64-linux-gnu/libpcl_segmentation.so  
-- Found PCL: pcl_common;pcl_kdtree;pcl_octree;pcl_search;pcl_surface;pcl_sample_consensus;pcl_filters;pcl_features;pcl_ml;pcl_segmentation;Boost::system;Boost::filesystem;Boost::date_time;Boost::iostreams;Boost::serialization;VTK::ChartsCore;VTK::CommonColor;VTK::CommonComputationalGeometry;VTK::CommonCore;VTK::CommonDataModel;VTK::CommonExecutionModel;VTK::CommonMath;VTK::CommonMisc;VTK::CommonTransforms;VTK::FiltersCore;VTK::FiltersExtraction;VTK::FiltersGeneral;VTK::FiltersGeometry;VTK::FiltersModeling;VTK::FiltersSources;VTK::ImagingCore;VTK::ImagingSources;VTK::InteractionImage;VTK::InteractionStyle;VTK::InteractionWidgets;VTK::IOCore;VTK::IOGeometry;VTK::IOImage;VTK::IOLegacy;VTK::IOPLY;VTK::RenderingAnnotation;VTK::RenderingCore;VTK::RenderingContext2D;VTK::RenderingLOD;VTK::RenderingFreeType;VTK::ViewsCore;VTK::ViewsContext2D;VTK::RenderingOpenGL2;VTK::GUISupportQt;FLANN::FLANN;QHULL::QHULL  
-- Found rclcpp: 16.0.16 (/opt/ros/humble/share/rclcpp/cmake)
-- Found rmw_implementation_cmake: 6.1.2 (/opt/ros/humble/share/rmw_implementation_cmake/cmake)
-- Found rmw_fastrtps_cpp: 6.2.9 (/opt/ros/humble/share/rmw_fastrtps_cpp/cmake)
-- Found OpenSSL: /usr/lib/x86_64-linux-gnu/libcrypto.so (found version "3.0.2")  
-- Found FastRTPS: /opt/ros/humble/include  
-- Using RMW implementation 'rmw_fastrtps_cpp' as default
-- Found pcl_conversions: 2.4.5 (/opt/ros/humble/share/pcl_conversions/cmake)
-- Found visualization_msgs: 4.9.0 (/opt/ros/humble/share/visualization_msgs/cmake)
-- Found laser_geometry: 2.4.1 (/opt/ros/humble/share/laser_geometry/cmake)
-- Found tf2_ros: 0.25.17 (/opt/ros/humble/share/tf2_ros/cmake)
-- Found tf2_geometry_msgs: 0.25.17 (/opt/ros/humble/share/tf2_geometry_msgs/cmake)
-- Found Eigen3: TRUE (found version "3.4.0") 
-- Ensuring Eigen3 include directory is part of orocos-kdl CMake target
-- Found tf2_sensor_msgs: 0.25.17 (/opt/ros/humble/share/tf2_sensor_msgs/cmake)
-- Found OpenCV: /usr (found version "4.5.4") 
-- Found cv_bridge: 3.2.1 (/opt/ros/humble/share/cv_bridge/cmake)
-- Found image_transport: 3.1.12 (/opt/ros/humble/share/image_transport/cmake)
-- Found image_geometry: 3.2.1 (/opt/ros/humble/share/image_geometry/cmake)
-- Configuring done
-- Generating done
-- Build files have been written to: /home/yzksy/mirs2502_standard/src/cone_detector/build/cone_detector
[ 40%] [32mBuilding CXX object CMakeFiles/cone_color_detector_node.dir/src/cone_color_detector_node.cpp.o[0m
[ 40%] [32mBuilding CXX object CMakeFiles/cone_area_node.dir/src/cone_area_node.cpp.o[0m
[ 40%] [32mBuilding CXX object CMakeFiles/cone_cluster_node.dir/src/cone_cluster_node.cpp.o[0m
[ 50%] [32mBuilding CXX object CMakeFiles/scan_to_pointcloud.dir/src/scan_to_pointcloud.cpp.o[0m
[ 50%] [32mBuilding CXX object CMakeFiles/cone_fusion_node.dir/src/cone_fusion_node.cpp.o[0m
[ 60%] [32m[1mLinking CXX executable scan_to_pointcloud[0m
[ 60%] Built target scan_to_pointcloud
[ 70%] [32m[1mLinking CXX executable cone_cluster_node[0m
[ 80%] [32m[1mLinking CXX executable cone_color_detector_node[0m
[ 90%] [32m[1mLinking CXX executable cone_area_node[0m
[ 90%] Built target cone_cluster_node
[ 90%] Built target cone_color_detector_node
[100%] [32m[1mLinking CXX executable cone_fusion_node[0m
[100%] Built target cone_area_node
[100%] Built target cone_fusion_node
-- Install configuration: ""
-- Installing: /home/yzksy/mirs2502_standard/src/cone_detector/install/cone_detector/lib/cone_detector/cone_color_detector_node
-- Set runtime path of "/home/yzksy/mirs2502_standard/src/cone_detector/install/cone_detector/lib/cone_detector/cone_color_detector_node" to ""
-- Installing: /home/yzksy/mirs2502_standard/src/cone_detector/install/cone_detector/lib/cone_detector/cone_fusion_node
-- Set runtime path of "/home/yzksy/mirs2502_standard/src/cone_detector/install/cone_detector/lib/cone_detector/cone_fusion_node" to ""
-- Installing: /home/yzksy/mirs2502_standard/src/cone_detector/install/cone_detector/lib/cone_detector/scan_to_pointcloud
-- Set runtime path of "/home/yzksy/mirs2502_standard/src/cone_detector/install/cone_detector/lib/cone_detector/scan_to_pointcloud" to ""
-- Installing: /home/yzksy/mirs2502_standard/src/cone_detector/install/cone_detector/lib/cone_detector/cone_cluster_node
-- Set runtime path of "/home/yzksy/mirs2502_standard/src/cone_detector/install/cone_detector/lib/cone_detector/cone_cluster_node" to ""
-- Installing: /home/yzksy/mirs2502_standard/src/cone_detector/install/cone_detector/lib/cone_detector/cone_area_node
-- Set runtime path of "/home/yzksy/mirs2502_standard/src/cone_detector/install/cone_detector/lib/cone_detector/cone_area_node" to ""
-- Up-to-date: /home/yzksy/mirs2502_standard/src/cone_detector/install/cone_detector/lib/cone_detector/cone_color_detector_node
-- Installing: /home/yzksy/mirs2502_standard/src/cone_detector/install/cone_detector/lib/cone_detector/landmark_localizer.py
-- Installing: /home/yzksy/mirs2502_standard/src/cone_detector/install/cone_detector/share/cone_detector//launch
-- Installing: /home/yzksy/mirs2502_standard/src/cone_detector/install/cone_detector/share/cone_detector//launch/debug_all.launch.py
-- Installing: /home/yzksy/mirs2502_standard/src/cone_detector/install/cone_detector/share/cone_detector//launch/chair_detection.launch.py
-- Installing: /home/yzksy/mirs2502_standard/src/cone_detector/install/cone_detector/share/cone_detector//launch/lidar_only.launch.py
-- Installing: /home/yzksy/mirs2502_standard/src/cone_detector/install/cone_detector/share/cone_detector//launch/cone_detection.launch.py
-- Installing: /home/yzksy/mirs2502_standard/src/cone_detector/install/cone_detector/share/ament_index/resource_index/package_run_dependencies/cone_detector
-- Installing: /home/yzksy/mirs2502_standard/src/cone_detector/install/cone_detector/share/ament_index/resource_index/parent_prefix_path/cone_detector
-- Installing: /home/yzksy/mirs2502_standard/src/cone_detector/install/cone_detector/share/cone_detector/environment/ament_prefix_path.sh
-- Installing: /home/yzksy/mirs2502_standard/src/cone_detector/install/cone_detector/share/cone_detector/environment/ament_prefix_path.dsv
-- Installing: /home/yzksy/mirs2502_standard/src/cone_detector/install/cone_detector/share/cone_detector/environment/path.sh
-- Installing: /home/yzksy/mirs2502_standard/src/cone_detector/install/cone_detector/share/cone_detector/environment/path.dsv
-- Installing: /home/yzksy/mirs2502_standard/src/cone_detector/install/cone_detector/share/cone_detector/local_setup.bash
-- Installing: /home/yzksy/mirs2502_standard/src/cone_detector/install/cone_detector/share/cone_detector/local_setup.sh
-- Installing: /home/yzksy/mirs2502_standard/src/cone_detector/install/cone_detector/share/cone_detector/local_setup.zsh
-- Installing: /home/yzksy/mirs2502_standard/src/cone_detector/install/cone_detector/share/cone_detector/local_setup.dsv
-- Installing: /home/yzksy/mirs2502_standard/src/cone_detector/install/cone_detector/share/cone_detector/package.dsv
-- Installing: /home/yzksy/mirs2502_standard/src/cone_detector/install/cone_detector/share/ament_index/resource_index/packages/cone_detector
-- Installing: /home/yzksy/mirs2502_standard/src/cone_detector/install/cone_detector/share/cone_detector/cmake/cone_detectorConfig.cmake
-- Installing: /home/yzksy/mirs2502_standard/src/cone_detector/install/cone_detector/share/cone_detector/cmake/cone_detectorConfig-version.cmake
-- Installing: /home/yzksy/mirs2502_standard/src/cone_detector/install/cone_detector/share/cone_detector/package.xml
