[0.013s] Invoking command in '/home/yzksy/mirs2502_standard/src/cone_detector/build/cone_detector': CMAKE_PREFIX_PATH=${CMAKE_PREFIX_PATH}:/home/yzksy/mirs2502_standard/install/coverage_planner:/opt/ros/humble /usr/bin/cmake /home/yzksy/mirs2502_standard/src/cone_detector -DCMAKE_INSTALL_PREFIX=/home/yzksy/mirs2502_standard/src/cone_detector/install/cone_detector
[0.189s] -- The C compiler identification is GNU 11.4.0
[0.298s] -- The CXX compiler identification is GNU 11.4.0
[0.312s] -- Detecting C compiler ABI info
[0.370s] -- Detecting C compiler ABI info - done
[0.375s] -- Check for working C compiler: /usr/bin/cc - skipped
[0.376s] -- Detecting C compile features
[0.377s] -- Detecting C compile features - done
[0.381s] -- Detecting CXX compiler ABI info
[0.444s] -- Detecting CXX compiler ABI info - done
[0.449s] -- Check for working CXX compiler: /usr/bin/c++ - skipped
[0.449s] -- Detecting CXX compile features
[0.450s] -- Detecting CXX compile features - done
[0.463s] -- Found ament_cmake: 1.3.12 (/opt/ros/humble/share/ament_cmake/cmake)
[0.587s] -- Found Python3: /usr/bin/python3 (found version "3.10.12") found components: Interpreter 
[0.689s] -- Found sensor_msgs: 4.9.0 (/opt/ros/humble/share/sensor_msgs/cmake)
[0.738s] -- Found rosidl_generator_c: 3.1.7 (/opt/ros/humble/share/rosidl_generator_c/cmake)
[0.747s] -- Found rosidl_adapter: 3.1.7 (/opt/ros/humble/share/rosidl_adapter/cmake)
[0.759s] -- Found rosidl_generator_cpp: 3.1.7 (/opt/ros/humble/share/rosidl_generator_cpp/cmake)
[0.775s] -- Using all available rosidl_typesupport_c: rosidl_typesupport_fastrtps_c;rosidl_typesupport_introspection_c
[0.795s] -- Using all available rosidl_typesupport_cpp: rosidl_typesupport_fastrtps_cpp;rosidl_typesupport_introspection_cpp
[0.895s] -- Checking for module 'eigen3'
[0.908s] --   Found eigen3, version 3.4.0
[0.944s] -- Found Eigen: /usr/include/eigen3 (Required is at least version "3.1") 
[0.945s] -- Eigen found (include: /usr/include/eigen3, version: 3.4.0)
[0.986s] -- Found Boost: /usr/lib/x86_64-linux-gnu/cmake/Boost-1.74.0/BoostConfig.cmake (found suitable version "1.74.0", minimum required is "1.65.0") found components: system filesystem date_time iostreams serialization 
[1.008s] -- Checking for module 'flann'
[1.020s] --   Found flann, version 1.9.1
[1.060s] -- Found FLANN: /usr/lib/x86_64-linux-gnu/libflann_cpp.so  
[1.060s] -- FLANN found (include: /usr/include, lib: /usr/lib/x86_64-linux-gnu/libflann_cpp.so)
[1.071s] -- Found Qhull version 8.0.2
[1.113s] -- Looking for pthread.h
[1.189s] -- Looking for pthread.h - found
[1.189s] -- Performing Test CMAKE_HAVE_LIBC_PTHREAD
[1.248s] -- Performing Test CMAKE_HAVE_LIBC_PTHREAD - Success
[1.249s] -- Found Threads: TRUE  
[1.250s] -- Found GLEW: /usr/lib/x86_64-linux-gnu/libGLEW.so  
[1.262s] -- Found OpenGL: /usr/lib/x86_64-linux-gnu/libOpenGL.so  found components: OpenGL GLX 
[1.411s] -- Found MPI_C: /usr/lib/x86_64-linux-gnu/libmpi.so (found version "3.1") 
[1.411s] -- Found MPI: TRUE (found version "3.1") found components: C 
[1.419s] -- Found JsonCpp: /usr/lib/x86_64-linux-gnu/libjsoncpp.so (found suitable version "1.9.5", minimum required is "0.7.0") 
[1.427s] -- Found ZLIB: /usr/lib/x86_64-linux-gnu/libz.so (found version "1.2.11") 
[1.441s] -- Found PNG: /usr/lib/x86_64-linux-gnu/libpng.so (found version "1.6.37") 
[1.479s] -- Found Eigen3: /usr/include/eigen3 (found version "3.4.0") 
[1.567s] -- Found X11: /usr/include   
[1.568s] -- Looking for XOpenDisplay in /usr/lib/x86_64-linux-gnu/libX11.so;/usr/lib/x86_64-linux-gnu/libXext.so
[1.626s] -- Looking for XOpenDisplay in /usr/lib/x86_64-linux-gnu/libX11.so;/usr/lib/x86_64-linux-gnu/libXext.so - found
[1.626s] -- Looking for gethostbyname
[1.682s] -- Looking for gethostbyname - found
[1.683s] -- Looking for connect
[1.739s] -- Looking for connect - found
[1.739s] -- Looking for remove
[1.795s] -- Looking for remove - found
[1.795s] -- Looking for shmat
[1.851s] -- Looking for shmat - found
[1.851s] -- Looking for IceConnectionNumber in ICE
[1.908s] -- Looking for IceConnectionNumber in ICE - found
[1.975s] -- Found EXPAT: /usr/lib/x86_64-linux-gnu/libexpat.so (found version "2.4.7") 
[1.978s] -- Found double-conversion: /usr/lib/x86_64-linux-gnu/libdouble-conversion.so  
[1.983s] -- Found LZ4: /usr/lib/x86_64-linux-gnu/liblz4.so (found version "1.9.3") 
[1.988s] -- Found LZMA: /usr/lib/x86_64-linux-gnu/liblzma.so (found version "5.2.5") 
[2.151s] -- Found JPEG: /usr/lib/x86_64-linux-gnu/libjpeg.so (found version "80") 
[2.158s] -- Found TIFF: /usr/lib/x86_64-linux-gnu/libtiff.so (found version "4.3.0")  
[2.163s] -- Found Freetype: /usr/lib/x86_64-linux-gnu/libfreetype.so (found version "2.11.1") 
[2.168s] -- Found utf8cpp: /usr/include/utf8cpp  
[2.398s] -- looking for PCL_COMMON
[2.399s] -- Found PCL_COMMON: /usr/lib/x86_64-linux-gnu/libpcl_common.so  
[2.399s] -- looking for PCL_KDTREE
[2.400s] -- Found PCL_KDTREE: /usr/lib/x86_64-linux-gnu/libpcl_kdtree.so  
[2.400s] -- looking for PCL_OCTREE
[2.400s] -- Found PCL_OCTREE: /usr/lib/x86_64-linux-gnu/libpcl_octree.so  
[2.400s] -- looking for PCL_SEARCH
[2.401s] -- Found PCL_SEARCH: /usr/lib/x86_64-linux-gnu/libpcl_search.so  
[2.401s] -- looking for PCL_SURFACE
[2.402s] -- Found PCL_SURFACE: /usr/lib/x86_64-linux-gnu/libpcl_surface.so  
[2.402s] -- looking for PCL_SAMPLE_CONSENSUS
[2.402s] -- Found PCL_SAMPLE_CONSENSUS: /usr/lib/x86_64-linux-gnu/libpcl_sample_consensus.so  
[2.402s] -- looking for PCL_FILTERS
[2.403s] -- Found PCL_FILTERS: /usr/lib/x86_64-linux-gnu/libpcl_filters.so  
[2.403s] -- looking for PCL_GEOMETRY
[2.403s] -- Found PCL_GEOMETRY: /usr/include/pcl-1.12  
[2.403s] -- looking for PCL_2D
[2.403s] -- Found PCL_2D: /usr/include/pcl-1.12  
[2.403s] -- looking for PCL_FEATURES
[2.404s] -- Found PCL_FEATURES: /usr/lib/x86_64-linux-gnu/libpcl_features.so  
[2.404s] -- looking for PCL_ML
[2.404s] -- Found PCL_ML: /usr/lib/x86_64-linux-gnu/libpcl_ml.so  
[2.405s] -- looking for PCL_SEGMENTATION
[2.405s] -- Found PCL_SEGMENTATION: /usr/lib/x86_64-linux-gnu/libpcl_segmentation.so  
[2.405s] -- Found PCL: pcl_common;pcl_kdtree;pcl_octree;pcl_search;pcl_surface;pcl_sample_consensus;pcl_filters;pcl_features;pcl_ml;pcl_segmentation;Boost::system;Boost::filesystem;Boost::date_time;Boost::iostreams;Boost::serialization;VTK::ChartsCore;VTK::CommonColor;VTK::CommonComputationalGeometry;VTK::CommonCore;VTK::CommonDataModel;VTK::CommonExecutionModel;VTK::CommonMath;VTK::CommonMisc;VTK::CommonTransforms;VTK::FiltersCore;VTK::FiltersExtraction;VTK::FiltersGeneral;VTK::FiltersGeometry;VTK::FiltersModeling;VTK::FiltersSources;VTK::ImagingCore;VTK::ImagingSources;VTK::InteractionImage;VTK::InteractionStyle;VTK::InteractionWidgets;VTK::IOCore;VTK::IOGeometry;VTK::IOImage;VTK::IOLegacy;VTK::IOPLY;VTK::RenderingAnnotation;VTK::RenderingCore;VTK::RenderingContext2D;VTK::RenderingLOD;VTK::RenderingFreeType;VTK::ViewsCore;VTK::ViewsContext2D;VTK::RenderingOpenGL2;VTK::GUISupportQt;FLANN::FLANN;QHULL::QHULL  
[2.409s] -- Found rclcpp: 16.0.16 (/opt/ros/humble/share/rclcpp/cmake)
[2.463s] -- Found rmw_implementation_cmake: 6.1.2 (/opt/ros/humble/share/rmw_implementation_cmake/cmake)
[2.468s] -- Found rmw_fastrtps_cpp: 6.2.9 (/opt/ros/humble/share/rmw_fastrtps_cpp/cmake)
[2.568s] -- Found OpenSSL: /usr/lib/x86_64-linux-gnu/libcrypto.so (found version "3.0.2")  
[2.592s] -- Found FastRTPS: /opt/ros/humble/include  
[2.629s] -- Using RMW implementation 'rmw_fastrtps_cpp' as default
[2.685s] -- Found pcl_conversions: 2.4.5 (/opt/ros/humble/share/pcl_conversions/cmake)
[2.721s] -- Found visualization_msgs: 4.9.0 (/opt/ros/humble/share/visualization_msgs/cmake)
[2.741s] -- Found laser_geometry: 2.4.1 (/opt/ros/humble/share/laser_geometry/cmake)
[2.766s] -- Found tf2_ros: 0.25.17 (/opt/ros/humble/share/tf2_ros/cmake)
[2.863s] -- Found tf2_geometry_msgs: 0.25.17 (/opt/ros/humble/share/tf2_geometry_msgs/cmake)
[2.876s] -- Found Eigen3: TRUE (found version "3.4.0") 
[2.876s] -- Ensuring Eigen3 include directory is part of orocos-kdl CMake target
[2.879s] -- Found tf2_sensor_msgs: 0.25.17 (/opt/ros/humble/share/tf2_sensor_msgs/cmake)
[2.891s] -- Found OpenCV: /usr (found version "4.5.4") 
[2.893s] -- Found cv_bridge: 3.2.1 (/opt/ros/humble/share/cv_bridge/cmake)
[2.898s] -- Found image_transport: 3.1.12 (/opt/ros/humble/share/image_transport/cmake)
[2.922s] -- Found image_geometry: 3.2.1 (/opt/ros/humble/share/image_geometry/cmake)
[3.006s] -- Configuring done
[3.219s] -- Generating done
[3.237s] -- Build files have been written to: /home/yzksy/mirs2502_standard/src/cone_detector/build/cone_detector
[3.252s] Invoked command in '/home/yzksy/mirs2502_standard/src/cone_detector/build/cone_detector' returned '0': CMAKE_PREFIX_PATH=${CMAKE_PREFIX_PATH}:/home/yzksy/mirs2502_standard/install/coverage_planner:/opt/ros/humble /usr/bin/cmake /home/yzksy/mirs2502_standard/src/cone_detector -DCMAKE_INSTALL_PREFIX=/home/yzksy/mirs2502_standard/src/cone_detector/install/cone_detector
[3.254s] Invoking command in '/home/yzksy/mirs2502_standard/src/cone_detector/build/cone_detector': CMAKE_PREFIX_PATH=${CMAKE_PREFIX_PATH}:/home/yzksy/mirs2502_standard/install/coverage_planner:/opt/ros/humble /usr/bin/cmake --build /home/yzksy/mirs2502_standard/src/cone_detector/build/cone_detector -- -j16 -l16
[3.300s] [ 40%] [32mBuilding CXX object CMakeFiles/cone_color_detector_node.dir/src/cone_color_detector_node.cpp.o[0m
[3.300s] [ 40%] [32mBuilding CXX object CMakeFiles/cone_area_node.dir/src/cone_area_node.cpp.o[0m
[3.301s] [ 40%] [32mBuilding CXX object CMakeFiles/cone_cluster_node.dir/src/cone_cluster_node.cpp.o[0m
[3.301s] [ 50%] [32mBuilding CXX object CMakeFiles/scan_to_pointcloud.dir/src/scan_to_pointcloud.cpp.o[0m
[3.301s] [ 50%] [32mBuilding CXX object CMakeFiles/cone_fusion_node.dir/src/cone_fusion_node.cpp.o[0m
[12.179s] [ 60%] [32m[1mLinking CXX executable scan_to_pointcloud[0m
[12.880s] [ 60%] Built target scan_to_pointcloud
[14.197s] [ 70%] [32m[1mLinking CXX executable cone_cluster_node[0m
[14.643s] [ 80%] [32m[1mLinking CXX executable cone_color_detector_node[0m
[15.913s] [ 90%] [32m[1mLinking CXX executable cone_area_node[0m
[16.121s] [ 90%] Built target cone_cluster_node
[16.179s] [ 90%] Built target cone_color_detector_node
[16.355s] [100%] [32m[1mLinking CXX executable cone_fusion_node[0m
[17.543s] [100%] Built target cone_area_node
[17.631s] [100%] Built target cone_fusion_node
[17.642s] Invoked command in '/home/yzksy/mirs2502_standard/src/cone_detector/build/cone_detector' returned '0': CMAKE_PREFIX_PATH=${CMAKE_PREFIX_PATH}:/home/yzksy/mirs2502_standard/install/coverage_planner:/opt/ros/humble /usr/bin/cmake --build /home/yzksy/mirs2502_standard/src/cone_detector/build/cone_detector -- -j16 -l16
[17.652s] Invoking command in '/home/yzksy/mirs2502_standard/src/cone_detector/build/cone_detector': CMAKE_PREFIX_PATH=${CMAKE_PREFIX_PATH}:/home/yzksy/mirs2502_standard/install/coverage_planner:/opt/ros/humble /usr/bin/cmake --install /home/yzksy/mirs2502_standard/src/cone_detector/build/cone_detector
[17.658s] -- Install configuration: ""
[17.659s] -- Installing: /home/yzksy/mirs2502_standard/src/cone_detector/install/cone_detector/lib/cone_detector/cone_color_detector_node
[17.662s] -- Set runtime path of "/home/yzksy/mirs2502_standard/src/cone_detector/install/cone_detector/lib/cone_detector/cone_color_detector_node" to ""
[17.662s] -- Installing: /home/yzksy/mirs2502_standard/src/cone_detector/install/cone_detector/lib/cone_detector/cone_fusion_node
[17.667s] -- Set runtime path of "/home/yzksy/mirs2502_standard/src/cone_detector/install/cone_detector/lib/cone_detector/cone_fusion_node" to ""
[17.667s] -- Installing: /home/yzksy/mirs2502_standard/src/cone_detector/install/cone_detector/lib/cone_detector/scan_to_pointcloud
[17.670s] -- Set runtime path of "/home/yzksy/mirs2502_standard/src/cone_detector/install/cone_detector/lib/cone_detector/scan_to_pointcloud" to ""
[17.671s] -- Installing: /home/yzksy/mirs2502_standard/src/cone_detector/install/cone_detector/lib/cone_detector/cone_cluster_node
[17.674s] -- Set runtime path of "/home/yzksy/mirs2502_standard/src/cone_detector/install/cone_detector/lib/cone_detector/cone_cluster_node" to ""
[17.674s] -- Installing: /home/yzksy/mirs2502_standard/src/cone_detector/install/cone_detector/lib/cone_detector/cone_area_node
[17.678s] -- Set runtime path of "/home/yzksy/mirs2502_standard/src/cone_detector/install/cone_detector/lib/cone_detector/cone_area_node" to ""
[17.678s] -- Up-to-date: /home/yzksy/mirs2502_standard/src/cone_detector/install/cone_detector/lib/cone_detector/cone_color_detector_node
[17.678s] -- Installing: /home/yzksy/mirs2502_standard/src/cone_detector/install/cone_detector/lib/cone_detector/landmark_localizer.py
[17.679s] -- Installing: /home/yzksy/mirs2502_standard/src/cone_detector/install/cone_detector/share/cone_detector//launch
[17.679s] -- Installing: /home/yzksy/mirs2502_standard/src/cone_detector/install/cone_detector/share/cone_detector//launch/debug_all.launch.py
[17.680s] -- Installing: /home/yzksy/mirs2502_standard/src/cone_detector/install/cone_detector/share/cone_detector//launch/chair_detection.launch.py
[17.680s] -- Installing: /home/yzksy/mirs2502_standard/src/cone_detector/install/cone_detector/share/cone_detector//launch/lidar_only.launch.py
[17.680s] -- Installing: /home/yzksy/mirs2502_standard/src/cone_detector/install/cone_detector/share/cone_detector//launch/cone_detection.launch.py
[17.681s] -- Installing: /home/yzksy/mirs2502_standard/src/cone_detector/install/cone_detector/share/ament_index/resource_index/package_run_dependencies/cone_detector
[17.681s] -- Installing: /home/yzksy/mirs2502_standard/src/cone_detector/install/cone_detector/share/ament_index/resource_index/parent_prefix_path/cone_detector
[17.681s] -- Installing: /home/yzksy/mirs2502_standard/src/cone_detector/install/cone_detector/share/cone_detector/environment/ament_prefix_path.sh
[17.681s] -- Installing: /home/yzksy/mirs2502_standard/src/cone_detector/install/cone_detector/share/cone_detector/environment/ament_prefix_path.dsv
[17.682s] -- Installing: /home/yzksy/mirs2502_standard/src/cone_detector/install/cone_detector/share/cone_detector/environment/path.sh
[17.682s] -- Installing: /home/yzksy/mirs2502_standard/src/cone_detector/install/cone_detector/share/cone_detector/environment/path.dsv
[17.682s] -- Installing: /home/yzksy/mirs2502_standard/src/cone_detector/install/cone_detector/share/cone_detector/local_setup.bash
[17.682s] -- Installing: /home/yzksy/mirs2502_standard/src/cone_detector/install/cone_detector/share/cone_detector/local_setup.sh
[17.682s] -- Installing: /home/yzksy/mirs2502_standard/src/cone_detector/install/cone_detector/share/cone_detector/local_setup.zsh
[17.682s] -- Installing: /home/yzksy/mirs2502_standard/src/cone_detector/install/cone_detector/share/cone_detector/local_setup.dsv
[17.682s] -- Installing: /home/yzksy/mirs2502_standard/src/cone_detector/install/cone_detector/share/cone_detector/package.dsv
[17.683s] -- Installing: /home/yzksy/mirs2502_standard/src/cone_detector/install/cone_detector/share/ament_index/resource_index/packages/cone_detector
[17.683s] -- Installing: /home/yzksy/mirs2502_standard/src/cone_detector/install/cone_detector/share/cone_detector/cmake/cone_detectorConfig.cmake
[17.683s] -- Installing: /home/yzksy/mirs2502_standard/src/cone_detector/install/cone_detector/share/cone_detector/cmake/cone_detectorConfig-version.cmake
[17.683s] -- Installing: /home/yzksy/mirs2502_standard/src/cone_detector/install/cone_detector/share/cone_detector/package.xml
[17.685s] Invoked command in '/home/yzksy/mirs2502_standard/src/cone_detector/build/cone_detector' returned '0': CMAKE_PREFIX_PATH=${CMAKE_PREFIX_PATH}:/home/yzksy/mirs2502_standard/install/coverage_planner:/opt/ros/humble /usr/bin/cmake --install /home/yzksy/mirs2502_standard/src/cone_detector/build/cone_detector
